<?xml version="1.0" encoding="UTF-8"?>
<assembly xmlns="http://maven.apache.org/plugins/maven-assembly-plugin/assembly/1.1.0"
  xmlns:xsi="http://www.w3.org/2001/XMLSchema-instance"
  xsi:schemaLocation="http://maven.apache.org/plugins/maven-assembly-plugin/assembly/1.1.0 http://maven.apache.org/xsd/assembly-1.1.0.xsd">
  <id>test-sources</id>
  <formats>
    <format>jar</format>
  </formats>
  <includeBaseDirectory>false</includeBaseDirectory>
  <fileSets>
    <fileSet>
      <directory>${project.build.testSourceDirectory}</directory>
      <outputDirectory>/</outputDirectory>
      <useDefaultExcludes>false</useDefaultExcludes>
      <excludes>
        <exclude>**/*~</exclude>
        <exclude>**/#*#</exclude>
        <exclude>**/.#*</exclude>
        <exclude>**/%*%</exclude>
        <exclude>**/._*</exclude>
        <exclude>**/.*.swp</exclude>
        <exclude>**/CVS</exclude>
        <exclude>**/CVS/**</exclude>
        <exclude>**/.cvsignore</exclude>
        <exclude>**/SCCS</exclude>
        <exclude>**/SCCS/**</exclude>
        <exclude>**/vssver.scc</exclude>
        <exclude>**/.svn</exclude>
        <exclude>**/.svn/**</exclude>
        <exclude>**/.arch-ids</exclude>
        <exclude>**/.arch-ids/**</exclude>
        <exclude>**/.bzr</exclude>
        <exclude>**/.bzr/**</exclude>
        <exclude>**/.MySCMServerInfo</exclude>
        <exclude>**/.DS_Store</exclude>
        <exclude>**/.*.swp</exclude>
      </excludes>
    </fileSet>
  </fileSets>
</assembly>
